
Num[Pos/Neg]Instances for k-slot banners: 
 [ 4 12  3  3  0  3] 
 [ 65 140  93  30   8  51]
Num[Original(est)/Subsampled] instances: 
 [ 654 1412  933  303   80  513] 
 [ 69 152  96  33   8  54]
[Min/Max/Mean] Loss * InvPropensity for k-slot banners: 
 [1.02804813e-03 1.02072605e-03 6.39379648e-02 8.31899693e+00
 6.22952333e+01 1.43754396e+01] 
 [2.25942036e+02 9.72954968e+02 2.58812179e+05 3.11439461e+07
 1.55750466e+07 1.25349967e+09] 
 [9.39203186e+00 6.17360435e+01 4.70637210e+03 1.56735586e+06
 1.99994892e+06 6.32946833e+07]
[Min/Max/Mean] Label * InvPropensity for k-slot banners: 
 [0. 0. 0. 0. 0. 0.] 
 [1.57177248e+00 1.36593641e+03 5.63455832e+03 1.09308815e+05
 0.00000000e+00 5.25793593e+07] 
 [8.07779968e-02 1.69288216e+01 1.10783895e+02 4.18326851e+03
 0.00000000e+00 9.75057465e+05]
[Min/Max/Mean] InvPropensity for k-slot banners: 
 [1.00044310e+00 1.02072605e+00 1.87092209e+00 4.57918860e+01
 6.23575909e+01 5.00942523e+03] 
 [2.26168204e+02 1.36593641e+03 2.59071250e+05 3.11751213e+07
 1.55906373e+07 1.25475442e+09] 
 [9.48213043e+00 7.87097172e+01 4.82175618e+03 1.57310386e+06
 2.00195087e+06 6.43321228e+07]
NumSlots: 	  1
IPS(*10^4) : 	  [ 7.27950152 34.22079052 47.69143501 54.42675726 57.79441839 59.47824895
 60.32016423 60.74112187 60.95160069 61.0568401  61.10945983 61.16207951]
StdErr(IPS)*10^4 : 	  [ 9.21817168 42.85171247 59.7130812  68.14526652 72.36158138 74.46978335
 75.52389439 76.05095229 76.31448183 76.44624674 76.51212927 76.57801175]
SN-IPS(*10^4) : 	  [11.17730626 41.44771518 52.2463341  56.90738485 59.08213145 60.13356362
 60.65063902 60.90705786 61.03474262 61.09845446 61.13027784 61.16207951]
AvgImpWt : 	  [0.65127512 0.82563756 0.91281878 0.95640939 0.9782047  0.98910235
 0.99455117 0.99727559 0.99863779 0.9993189  0.99965945 1.        ]
StdErr(AvgImpWt) : 	  [0.38603867 0.20034929 0.11514294 0.08189744 0.07179418 0.06934445
 0.06887262 0.06883128 0.06885947 0.06888578 0.06890198 0.06892021]
BrokenImpWt : 	  [0.62350528 0.81175264 0.90587632 0.95293816 0.97646908 0.98823454
 0.99411727 0.99705864 0.99852932 0.99926466 0.99963233 1.        ]
StdErr(BrokenImpWt) : 	  [3.64990159e-01 1.82495080e-01 9.12475398e-02 4.56237699e-02
 2.28118849e-02 1.14059425e-02 5.70297124e-03 2.85148562e-03
 1.42574281e-03 7.12871405e-04 3.56435520e-04 0.00000000e+00]
NumSlots: 	  2
IPS(*10^4) : 	  [66.92800962 75.95692266 80.47137918 82.72860744 83.85722156 84.42152863
 84.70368216 84.84475893 84.91529731 84.9505665  84.96820111 84.98583569]
StdErr(IPS)*10^4 : 	  [102.65718236  70.78240614  61.83914138  60.21271217  60.20754008
  60.40938961  60.56097802  60.64933659  60.69664153  60.72107332
  60.73348378  60.74602382]
SN-IPS(*10^4) : 	  [284.18617197 122.95662332  99.48532171  91.46958224  88.06503717
  86.48775454  85.72771631  85.35454722  85.16963926  85.07760005
  85.03168357  84.98583569]
AvgImpWt : 	  [0.23550762 0.61775381 0.80887691 0.90443845 0.95221923 0.97610961
 0.98805481 0.9940274  0.9970137  0.99850685 0.99925343 1.        ]
StdErr(AvgImpWt) : 	  [0.11300696 0.06474817 0.05166028 0.05097459 0.05230746 0.05336772
 0.05399016 0.05432358 0.05449571 0.05458312 0.05462716 0.05467142]
BrokenImpWt : 	  [0.27472952 0.63736476 0.81868238 0.90934119 0.9546706  0.9773353
 0.98866765 0.99433382 0.99716691 0.99858346 0.99929173 1.        ]
StdErr(BrokenImpWt) : 	  [1.37774321e-01 6.88871603e-02 3.44435802e-02 1.72217901e-02
 8.61089504e-03 4.30544752e-03 2.15272376e-03 1.07636188e-03
 5.38180940e-04 2.69090470e-04 1.34545166e-04 0.00000000e+00]
NumSlots: 	  3
IPS(*10^4) : 	  [10.72744779 21.44089431 26.79761757 29.4759792  30.81516002 31.48475043
 31.81954563 31.98694323 32.07064204 32.11249144 32.13341615 32.15434084]
StdErr(IPS)*10^4 : 	  [19.29012731 31.92681966 39.38721278 43.23741399 45.18363871 46.16125493
 46.65110651 46.89628364 47.01893389 47.0802743  47.11094832 47.14162484]
SN-IPS(*10^4) : 	  [27.87491286 30.96510423 31.66778783 31.93132927 32.04729357 32.10186629
 32.1283582  32.14141226 32.14789212 32.15112035 32.15273156 32.15434084]
AvgImpWt : 	  [0.38484238 0.69242119 0.84621059 0.9231053  0.96155265 0.98077632
 0.99038816 0.99519408 0.99759704 0.99879852 0.99939926 1.        ]
StdErr(AvgImpWt) : 	  [0.42542455 0.21458843 0.11219592 0.06602994 0.04869813 0.04368833
 0.04254524 0.04235591 0.04235905 0.04238511 0.04240425 0.04242746]
BrokenImpWt : 	  [0.38340185 0.69170093 0.84585046 0.92292523 0.96146262 0.98073131
 0.99036565 0.99518283 0.99759141 0.99879571 0.99939785 1.        ]
StdErr(BrokenImpWt) : 	  [4.13293334e-01 2.06646667e-01 1.03323334e-01 5.16616668e-02
 2.58308334e-02 1.29154167e-02 6.45770834e-03 3.22885417e-03
 1.61442709e-03 8.07213543e-04 4.03606565e-04 0.00000000e+00]
NumSlots: 	  4
IPS(*10^4) : 	  [ 7.99270734 53.50130416 76.25560258 87.63275178 93.32132639 96.16561369
 97.58775734 98.29882916 98.65436508 98.83213303 98.92101706 99.00990099]
StdErr(IPS)*10^4 : 	  [ 16.2657225   76.20779963 108.3406584  124.46834353 132.54098445
 136.57904959 138.59847386 139.60827896 140.11320417 140.36567236
 140.49190791 140.61814426]
SN-IPS(*10^4) : 	  [ 4.20082589 36.8637473  62.21580617 78.747553   88.33769243 93.52740601
 96.23052885 97.61048353 98.30773377 98.65819951 98.83389547 99.00990099]
AvgImpWt : 	  [1.90265142 1.45132571 1.22566285 1.11283143 1.05641571 1.02820786
 1.01410393 1.00705196 1.00352598 1.00176299 1.0008815  1.        ]
StdErr(AvgImpWt) : 	  [3.56269835 1.78724067 0.9028154  0.4669414  0.26009121 0.1717192
 0.14023506 0.1306509  0.1278679  0.12702414 0.1267429  0.12655633]
BrokenImpWt : 	  [1.75358482 1.37679241 1.18839621 1.0941981  1.04709905 1.02354953
 1.01177476 1.00588738 1.00294369 1.00147185 1.00073592 1.        ]
StdErr(BrokenImpWt) : 	  [3.27052734e+00 1.63526367e+00 8.17631835e-01 4.08815917e-01
 2.04407959e-01 1.02203979e-01 5.11019897e-02 2.55509948e-02
 1.27754974e-02 6.38774871e-03 3.19387272e-03 0.00000000e+00]
NumSlots: 	  5
IPS(*10^4) : 	  [0. 0. 0. 0. 0. 0. 0. 0. 0. 0. 0. 0.]
StdErr(IPS)*10^4 : 	  [0. 0. 0. 0. 0. 0. 0. 0. 0. 0. 0. 0.]
SN-IPS(*10^4) : 	  [0. 0. 0. 0. 0. 0. 0. 0. 0. 0. 0. 0.]
AvgImpWt : 	  [0.05128418 0.52564209 0.76282104 0.88141052 0.94070526 0.97035263
 0.98517632 0.99258816 0.99629408 0.99814704 0.99907352 1.        ]
StdErr(AvgImpWt) : 	  [1.20303291e-01 6.01516453e-02 3.00758226e-02 1.50379113e-02
 7.51895566e-03 3.75947783e-03 1.87973891e-03 9.39869457e-04
 4.69934729e-04 2.34967364e-04 1.17483622e-04 0.00000000e+00]
BrokenImpWt : 	  [0.05128418 0.52564209 0.76282104 0.88141052 0.94070526 0.97035263
 0.98517632 0.99258816 0.99629408 0.99814704 0.99907352 1.        ]
StdErr(BrokenImpWt) : 	  [1.20303291e-01 6.01516453e-02 3.00758226e-02 1.50379113e-02
 7.51895566e-03 3.75947783e-03 1.87973891e-03 9.39869457e-04
 4.69934729e-04 2.34967364e-04 1.17483622e-04 0.00000000e+00]
NumSlots: 	  6
IPS(*10^4) : 	  [ 0.31703728 29.39828472 43.93890844 51.2092203  54.84437623 56.6619542
 57.57074318 58.02513767 58.25233492 58.36593354 58.42273288 58.47953216]
StdErr(IPS)*10^4 : 	  [ 0.8091913  42.55813538 63.60599349 74.13029432 79.39249456 82.02360434
 83.33916138 83.9969404  84.32583004 84.49027489 84.57249736 84.65471976]
SN-IPS(*10^4) : 	  [ 2.49232141 52.16135252 56.20213552 57.48027832 58.00873222 58.25073271
 58.36671412 58.42351042 58.45161712 58.46559847 58.47257127 58.47953216]
AvgImpWt : 	  [0.12720561 0.56360281 0.7818014  0.8909007  0.94545035 0.97272518
 0.98636259 0.99318129 0.99659065 0.99829532 0.99914766 1.        ]
StdErr(AvgImpWt) : 	  [0.28682692 0.1497645  0.09335494 0.07687317 0.07429347 0.07468437
 0.07530058 0.07571139 0.07594201 0.07606356 0.07612589 0.07618925]
BrokenImpWt : 	  [0.1211164  0.5605582  0.7802791  0.89013955 0.94506978 0.97253489
 0.98626744 0.99313372 0.99656686 0.99828343 0.99914172 1.        ]
StdErr(BrokenImpWt) : 	  [2.72471828e-01 1.36235914e-01 6.81179570e-02 3.40589785e-02
 1.70294893e-02 8.51474463e-03 4.25737231e-03 2.12868616e-03
 1.06434308e-03 5.32171539e-04 2.66085633e-04 0.00000000e+00]
